<?xml version="1.0" encoding="UTF-8"?>
<!-- Generated by org.testng.reporters.JUnitReportReporter -->
<testsuite hostname="Windoows" failures="0" tests="1" name="testscripts.LoginTestCase" time="5.492" errors="0" timestamp="2024-07-21T09:48:15 AST" skipped="0">
  <testcase classname="testscripts.LoginTestCase" name="verifyWhetherTheUserIsAbleToLoginWithWrongUserNameAndWrongPassword" time="5.492"/>
  <system-out/>
</testsuite> <!-- testscripts.LoginTestCase -->
