<?xml version="1.0" encoding="UTF-8"?>
<!-- Generated by org.testng.reporters.JUnitReportReporter -->
<testsuite hostname="Windoows" failures="0" tests="1" name="testscripts.LoginTest" time="5.654" errors="0" timestamp="2024-07-28T20:07:47 AST" skipped="0">
  <testcase classname="testscripts.LoginTest" name="verifyWhetherTheUserIsAbleToLoginWithCorrectUserNameAndWrongPassword" time="5.654"/>
  <system-out/>
</testsuite> <!-- testscripts.LoginTest -->
